d:\диплом\my code\directxfold\directxfold\release\vc142.pdb
d:\диплом\my code\directxfold\directxfold\release\main.obj
d:\диплом\my code\directxfold\directxfold\release\textdrawer.obj
d:\диплом\my code\directxfold\directxfold\release\sphericalcamera.obj
d:\диплом\my code\directxfold\directxfold\release\simpleinputhandler.obj
d:\диплом\my code\directxfold\directxfold\release\shader.obj
d:\диплом\my code\directxfold\directxfold\release\octahedron.obj
d:\диплом\my code\directxfold\directxfold\release\mesh.obj
d:\диплом\my code\directxfold\directxfold\release\line.obj
d:\диплом\my code\directxfold\directxfold\release\game.obj
d:\диплом\my code\directxfold\directxfold\release\camera.obj
d:\диплом\my code\directxfold\directxfold\release\sphericalmath.obj
d:\диплом\my code\directxfold\directxfold\release\sphericalmeshloader.obj
d:\диплом\my code\directxfold\directxfold\release\directxfold.pch
d:\диплом\my code\directxfold\directxfold\release\pch.obj
d:\диплом\my code\directxfold\directxfold\release\sphericaldodecahedron.obj
d:\диплом\my code\directxfold\directxfold\release\sphericalmesh.obj
d:\диплом\my code\directxfold\directxfold\release\sphericaloctahedron.obj
d:\диплом\my code\directxfold\directxfold\release\sphericalcube.obj
d:\диплом\my code\directxfold\directxfold\release\hyperbolicmesh.obj
d:\диплом\my code\directxfold\directxfold\release\hyperbolicmath.obj
d:\диплом\my code\directxfold\directxfold\bin\mesh1.sph
d:\диплом\my code\directxfold\directxfold\bin\directxfold.lib
d:\диплом\my code\directxfold\directxfold\bin\directxfold.exp
d:\диплом\my code\directxfold\directxfold\bin\directxfold.ipdb
d:\диплом\my code\directxfold\directxfold\bin\directxfold.iobj
d:\диплом\my code\directxfold\directxfold\inc\morphingvertexshader.h
d:\диплом\my code\directxfold\directxfold\bin\morphingvertexshader.cso
d:\диплом\my code\directxfold\directxfold\inc\pixelshader.h
d:\диплом\my code\directxfold\directxfold\bin\basicpixelshader.cso
d:\диплом\my code\directxfold\directxfold\inc\geometryshader.h
d:\диплом\my code\directxfold\directxfold\bin\geometryshader.cso
d:\диплом\my code\directxfold\directxfold\inc\vertexshader.h
d:\диплом\my code\directxfold\directxfold\bin\basicvertexshader.cso
d:\диплом\my code\directxfold\directxfold\inc\ellexpvertexshader.h
d:\диплом\my code\directxfold\directxfold\bin\vertexellipticalexpfogshader.cso
d:\диплом\my code\directxfold\directxfold\inc\sphexpvertexshader.h
d:\диплом\my code\directxfold\directxfold\bin\vertexsphericalexpfogshader.cso
d:\диплом\my code\directxfold\directxfold\inc\sphexp2vertexshader.h
d:\диплом\my code\directxfold\directxfold\bin\vertexsphericalexpsqfogshader.cso
d:\диплом\my code\directxfold\directxfold\inc\sphlinvertexshader.h
d:\диплом\my code\directxfold\directxfold\bin\vertexsphericallinearfogshader.cso
d:\диплом\my code\directxfold\directxfold\bin\directxfold.exe
d:\диплом\my code\directxfold\directxfold\bin\directxfold.pdb
d:\диплом\my code\directxfold\directxfold\release\directxfold.tlog\cl.command.1.tlog
d:\диплом\my code\directxfold\directxfold\release\directxfold.tlog\cl.read.1.tlog
d:\диплом\my code\directxfold\directxfold\release\directxfold.tlog\cl.write.1.tlog
d:\диплом\my code\directxfold\directxfold\release\directxfold.tlog\copyfile.command.1.tlog
d:\диплом\my code\directxfold\directxfold\release\directxfold.tlog\copyfile.read.1.tlog
d:\диплом\my code\directxfold\directxfold\release\directxfold.tlog\copyfile.write.1.tlog
d:\диплом\my code\directxfold\directxfold\release\directxfold.tlog\directxfold.write.1u.tlog
d:\диплом\my code\directxfold\directxfold\release\directxfold.tlog\fxc.command.1.tlog
d:\диплом\my code\directxfold\directxfold\release\directxfold.tlog\fxc.read.1.tlog
d:\диплом\my code\directxfold\directxfold\release\directxfold.tlog\fxc.write.1.tlog
d:\диплом\my code\directxfold\directxfold\release\directxfold.tlog\link.command.1.tlog
d:\диплом\my code\directxfold\directxfold\release\directxfold.tlog\link.delete.1.tlog
d:\диплом\my code\directxfold\directxfold\release\directxfold.tlog\link.read.1.tlog
d:\диплом\my code\directxfold\directxfold\release\directxfold.tlog\link.write.1.tlog
