d:\диплом\my code\directxfold\directxfold\debug\directxfoldd.pch
d:\диплом\my code\directxfold\directxfold\debug\vc142.pdb
d:\диплом\my code\directxfold\directxfold\debug\vc142.idb
d:\диплом\my code\directxfold\directxfold\debug\pch.obj
d:\диплом\my code\directxfold\directxfold\debug\simpleinputhandler.obj
d:\диплом\my code\directxfold\directxfold\debug\shader.obj
d:\диплом\my code\directxfold\directxfold\debug\main.obj
d:\диплом\my code\directxfold\directxfold\debug\game.obj
d:\диплом\my code\directxfold\directxfold\debug\camera.obj
d:\диплом\my code\directxfold\directxfold\inc\pixelshader.h
d:\диплом\my code\directxfold\directxfold\bin\basicpixelshader_d.cso
d:\диплом\my code\directxfold\directxfold\inc\vertexshader.h
d:\диплом\my code\directxfold\directxfold\bin\basicvertexshader_d.cso
d:\диплом\my code\directxfold\directxfold\inc\morphingvertexshader.h
d:\диплом\my code\directxfold\directxfold\bin\morphingvertexshader_d.cso
d:\диплом\my code\directxfold\directxfold\debug\directxfold.tlog\cl.command.1.tlog
d:\диплом\my code\directxfold\directxfold\debug\directxfold.tlog\cl.read.1.tlog
d:\диплом\my code\directxfold\directxfold\debug\directxfold.tlog\cl.write.1.tlog
d:\диплом\my code\directxfold\directxfold\debug\directxfold.tlog\fxc.command.1.tlog
d:\диплом\my code\directxfold\directxfold\debug\directxfold.tlog\fxc.read.1.tlog
d:\диплом\my code\directxfold\directxfold\debug\directxfold.tlog\fxc.write.1.tlog
