d:\диплом\my code\directxfold\directxfold\bin64\myfile.spritefont
d:\диплом\my code\directxfold\directxfold\inc\pixelshader.h
d:\диплом\my code\directxfold\directxfold\bin64\basicpixelshader.cso
d:\диплом\my code\directxfold\directxfold\inc\vertexshader.h
d:\диплом\my code\directxfold\directxfold\bin64\basicvertexshader.cso
d:\диплом\my code\directxfold\directxfold\bin64\morphingvertexshader.cso
d:\диплом\my code\directxfold\directxfold\inc\ellexpvertexshader.h
d:\диплом\my code\directxfold\directxfold\bin64\vertexellipticalexpfogshader.cso
d:\диплом\my code\directxfold\directxfold\inc\ellexp2vertexshader.h
d:\диплом\my code\directxfold\directxfold\bin64\vertexellipticalexpsqfogshader.cso
d:\диплом\my code\directxfold\directxfold\inc\sphexpvertexshader.h
d:\диплом\my code\directxfold\directxfold\bin64\vertexsphericalexpfogshader.cso
d:\диплом\my code\directxfold\directxfold\inc\sphexp2vertexshader.h
d:\диплом\my code\directxfold\directxfold\bin64\vertexsphericalexpsqfogshader.cso
d:\диплом\my code\directxfold\directxfold\inc\sphlinvertexshader.h
d:\диплом\my code\directxfold\directxfold\bin64\vertexsphericallinearfogshader.cso
d:\диплом\my code\directxfold\directxfold\inc\geometryshader.h
d:\диплом\my code\directxfold\directxfold\bin64\geometryshader.cso
d:\диплом\my code\directxfold\directxfold\x64\release\directxfold.pch
d:\диплом\my code\directxfold\directxfold\x64\release\directxfold.tlog\copyfile.command.1.tlog
d:\диплом\my code\directxfold\directxfold\x64\release\directxfold.tlog\copyfile.read.1.tlog
d:\диплом\my code\directxfold\directxfold\x64\release\directxfold.tlog\copyfile.write.1.tlog
d:\диплом\my code\directxfold\directxfold\x64\release\directxfold.tlog\fxc.command.1.tlog
d:\диплом\my code\directxfold\directxfold\x64\release\directxfold.tlog\fxc.read.1.tlog
d:\диплом\my code\directxfold\directxfold\x64\release\directxfold.tlog\fxc.write.1.tlog
