  pch.cpp
  GameWindows.cpp
  SphericalEllipsoid.cpp
D:\Диплом\MY CODE\DirectXFold\DirectXFold\SphericalEllipsoid.cpp(71,46): warning C4267: 'initializing': conversion from 'size_t' to 'WORD', possible loss of data
D:\Диплом\MY CODE\DirectXFold\DirectXFold\SphericalEllipsoid.cpp(82,36): warning C4267: '=': conversion from 'size_t' to 'int', possible loss of data
D:\Диплом\MY CODE\DirectXFold\DirectXFold\SphericalEllipsoid.cpp(85,34): warning C4267: '=': conversion from 'size_t' to 'int', possible loss of data
  SphericalMath.cpp
D:\Диплом\MY CODE\DirectXFold\DirectXFold\SphericalMath.cpp(14,16): warning C4244: 'argument': conversion from 'double' to 'float', possible loss of data
D:\Диплом\MY CODE\DirectXFold\DirectXFold\SphericalMath.cpp(19,32): warning C4244: 'argument': conversion from 'double' to 'float', possible loss of data
D:\Диплом\MY CODE\DirectXFold\DirectXFold\SphericalMath.cpp(20,14): warning C4244: 'initializing': conversion from 'double' to 'float', possible loss of data
D:\Диплом\MY CODE\DirectXFold\DirectXFold\SphericalMath.cpp(24,17): warning C4244: 'argument': conversion from 'double' to 'float', possible loss of data
D:\Диплом\MY CODE\DirectXFold\DirectXFold\SphericalMath.cpp(32,17): warning C4244: 'argument': conversion from 'double' to 'float', possible loss of data
D:\Диплом\MY CODE\DirectXFold\DirectXFold\SphericalMath.cpp(37,33): warning C4244: 'argument': conversion from 'double' to 'float', possible loss of data
D:\Диплом\MY CODE\DirectXFold\DirectXFold\SphericalMath.cpp(38,14): warning C4244: 'initializing': conversion from 'double' to 'float', possible loss of data
D:\Диплом\MY CODE\DirectXFold\DirectXFold\SphericalMath.cpp(42,17): warning C4244: 'argument': conversion from 'double' to 'float', possible loss of data
D:\Диплом\MY CODE\DirectXFold\DirectXFold\SphericalMath.cpp(50,17): warning C4244: 'argument': conversion from 'double' to 'float', possible loss of data
D:\Диплом\MY CODE\DirectXFold\DirectXFold\SphericalMath.cpp(55,33): warning C4244: 'argument': conversion from 'double' to 'float', possible loss of data
D:\Диплом\MY CODE\DirectXFold\DirectXFold\SphericalMath.cpp(56,14): warning C4244: 'initializing': conversion from 'double' to 'float', possible loss of data
D:\Диплом\MY CODE\DirectXFold\DirectXFold\SphericalMath.cpp(60,17): warning C4244: 'argument': conversion from 'double' to 'float', possible loss of data
  Camera.cpp
D:\Диплом\MY CODE\DirectXFold\DirectXFold\src\Camera.cpp(29,18): warning C4244: 'argument': conversion from 'double' to 'float', possible loss of data
D:\Диплом\MY CODE\DirectXFold\DirectXFold\src\Camera.cpp(30,18): warning C4244: 'argument': conversion from 'double' to 'float', possible loss of data
D:\Диплом\MY CODE\DirectXFold\DirectXFold\src\Camera.cpp(31,22): warning C4244: 'argument': conversion from 'double' to 'float', possible loss of data
D:\Диплом\MY CODE\DirectXFold\DirectXFold\src\Camera.cpp(32,22): warning C4244: 'argument': conversion from 'double' to 'float', possible loss of data
D:\Диплом\MY CODE\DirectXFold\DirectXFold\src\Camera.cpp(62,29): warning C4244: 'argument': conversion from 'double' to 'float', possible loss of data
D:\Диплом\MY CODE\DirectXFold\DirectXFold\src\Camera.cpp(62,26): warning C4244: 'argument': conversion from 'double' to 'float', possible loss of data
D:\Диплом\MY CODE\DirectXFold\DirectXFold\src\Camera.cpp(62,23): warning C4244: 'argument': conversion from 'double' to 'float', possible loss of data
D:\Диплом\MY CODE\DirectXFold\DirectXFold\src\Camera.cpp(80,59): warning C4244: 'argument': conversion from 'double' to 'float', possible loss of data
D:\Диплом\MY CODE\DirectXFold\DirectXFold\src\Camera.cpp(80,52): warning C4244: 'argument': conversion from 'double' to 'float', possible loss of data
  Drawer2D.cpp
  FPSCounter.cpp
  Game.cpp
D:\Диплом\MY CODE\DirectXFold\DirectXFold\src\Game.cpp(33,15): warning C4244: 'argument': conversion from 'time_t' to 'unsigned int', possible loss of data
D:\Диплом\MY CODE\DirectXFold\DirectXFold\src\Game.cpp(251,1): warning C4305: '-=': truncation from 'double' to 'float'
D:\Диплом\MY CODE\DirectXFold\DirectXFold\src\Game.cpp(256,1): warning C4305: '+=': truncation from 'double' to 'float'
D:\Диплом\MY CODE\DirectXFold\DirectXFold\src\Game.cpp(274,1): warning C4305: '+=': truncation from 'double' to 'float'
D:\Диплом\MY CODE\DirectXFold\DirectXFold\src\Game.cpp(281,1): warning C4305: '-=': truncation from 'double' to 'float'
D:\Диплом\MY CODE\DirectXFold\DirectXFold\src\Game.cpp(531,78): warning C4244: 'argument': conversion from 'int' to 'float', possible loss of data
D:\Диплом\MY CODE\DirectXFold\DirectXFold\src\Game.cpp(537,99): warning C4244: 'argument': conversion from 'int' to 'float', possible loss of data
D:\Диплом\MY CODE\DirectXFold\DirectXFold\src\Game.cpp(537,78): warning C4244: 'argument': conversion from 'int' to 'float', possible loss of data
D:\Диплом\MY CODE\DirectXFold\DirectXFold\src\Game.cpp(546,99): warning C4244: 'argument': conversion from 'int' to 'float', possible loss of data
  HyperbolicMath.cpp
  HyperbolicMesh.cpp
  Mesh.cpp
  Shader.cpp
  SimpleInputHandler.cpp
  SphericalAsteroid.cpp
D:\Диплом\MY CODE\DirectXFold\DirectXFold\src\SphericalAsteroid.cpp(16,15): warning C4244: 'argument': conversion from 'time_t' to 'unsigned int', possible loss of data
D:\Диплом\MY CODE\DirectXFold\DirectXFold\src\SphericalAsteroid.cpp(45,118): warning C4244: 'argument': conversion from 'double' to 'float', possible loss of data
D:\Диплом\MY CODE\DirectXFold\DirectXFold\src\SphericalAsteroid.cpp(45,177): warning C4244: 'argument': conversion from 'double' to 'float', possible loss of data
D:\Диплом\MY CODE\DirectXFold\DirectXFold\src\SphericalAsteroid.cpp(45,213): warning C4244: 'argument': conversion from 'double' to 'float', possible loss of data
D:\Диплом\MY CODE\DirectXFold\DirectXFold\src\SphericalAsteroid.cpp(81,46): warning C4267: 'initializing': conversion from 'size_t' to 'WORD', possible loss of data
D:\Диплом\MY CODE\DirectXFold\DirectXFold\src\SphericalAsteroid.cpp(91,36): warning C4267: '=': conversion from 'size_t' to 'int', possible loss of data
D:\Диплом\MY CODE\DirectXFold\DirectXFold\src\SphericalAsteroid.cpp(94,34): warning C4267: '=': conversion from 'size_t' to 'int', possible loss of data
  SphericalCamera.cpp
D:\Диплом\MY CODE\DirectXFold\DirectXFold\src\SphericalCamera.cpp(114,29): warning C4244: 'argument': conversion from 'double' to 'float', possible loss of data
D:\Диплом\MY CODE\DirectXFold\DirectXFold\src\SphericalCamera.cpp(115,31): warning C4244: 'argument': conversion from 'double' to 'float', possible loss of data
D:\Диплом\MY CODE\DirectXFold\DirectXFold\src\SphericalCamera.cpp(117,29): warning C4244: 'argument': conversion from 'double' to 'float', possible loss of data
D:\Диплом\MY CODE\DirectXFold\DirectXFold\src\SphericalCamera.cpp(117,61): warning C4244: 'argument': conversion from 'double' to 'float', possible loss of data
  SphericalCube.cpp
D:\Диплом\MY CODE\DirectXFold\DirectXFold\src\SphericalCube.cpp(38,57): warning C4244: 'argument': conversion from 'double' to 'float', possible loss of data
D:\Диплом\MY CODE\DirectXFold\DirectXFold\src\SphericalCube.cpp(38,45): warning C4244: 'argument': conversion from 'double' to 'float', possible loss of data
D:\Диплом\MY CODE\DirectXFold\DirectXFold\src\SphericalCube.cpp(38,33): warning C4244: 'argument': conversion from 'double' to 'float', possible loss of data
D:\Диплом\MY CODE\DirectXFold\DirectXFold\src\SphericalCube.cpp(38,20): warning C4244: 'argument': conversion from 'double' to 'float', possible loss of data
D:\Диплом\MY CODE\DirectXFold\DirectXFold\src\SphericalCube.cpp(39,56): warning C4244: 'argument': conversion from 'double' to 'float', possible loss of data
D:\Диплом\MY CODE\DirectXFold\DirectXFold\src\SphericalCube.cpp(39,45): warning C4244: 'argument': conversion from 'double' to 'float', possible loss of data
D:\Диплом\MY CODE\DirectXFold\DirectXFold\src\SphericalCube.cpp(39,33): warning C4244: 'argument': conversion from 'double' to 'float', possible loss of data
D:\Диплом\MY CODE\DirectXFold\DirectXFold\src\SphericalCube.cpp(39,20): warning C4244: 'argument': conversion from 'double' to 'float', possible loss of data
D:\Диплом\MY CODE\DirectXFold\DirectXFold\src\SphericalCube.cpp(40,56): warning C4244: 'argument': conversion from 'double' to 'float', possible loss of data
D:\Диплом\MY CODE\DirectXFold\DirectXFold\src\SphericalCube.cpp(40,44): warning C4244: 'argument': conversion from 'double' to 'float', possible loss of data
D:\Диплом\MY CODE\DirectXFold\DirectXFold\src\SphericalCube.cpp(40,33): warning C4244: 'argument': conversion from 'double' to 'float', possible loss of data
D:\Диплом\MY CODE\DirectXFold\DirectXFold\src\SphericalCube.cpp(40,20): warning C4244: 'argument': conversion from 'double' to 'float', possible loss of data
D:\Диплом\MY CODE\DirectXFold\DirectXFold\src\SphericalCube.cpp(41,55): warning C4244: 'argument': conversion from 'double' to 'float', possible loss of data
D:\Диплом\MY CODE\DirectXFold\DirectXFold\src\SphericalCube.cpp(41,44): warning C4244: 'argument': conversion from 'double' to 'float', possible loss of data
D:\Диплом\MY CODE\DirectXFold\DirectXFold\src\SphericalCube.cpp(41,33): warning C4244: 'argument': conversion from 'double' to 'float', possible loss of data
D:\Диплом\MY CODE\DirectXFold\DirectXFold\src\SphericalCube.cpp(41,20): warning C4244: 'argument': conversion from 'double' to 'float', possible loss of data
D:\Диплом\MY CODE\DirectXFold\DirectXFold\src\SphericalCube.cpp(42,56): warning C4244: 'argument': conversion from 'double' to 'float', possible loss of data
D:\Диплом\MY CODE\DirectXFold\DirectXFold\src\SphericalCube.cpp(42,44): warning C4244: 'argument': conversion from 'double' to 'float', possible loss of data
D:\Диплом\MY CODE\DirectXFold\DirectXFold\src\SphericalCube.cpp(42,32): warning C4244: 'argument': conversion from 'double' to 'float', possible loss of data
D:\Диплом\MY CODE\DirectXFold\DirectXFold\src\SphericalCube.cpp(42,20): warning C4244: 'argument': conversion from 'double' to 'float', possible loss of data
D:\Диплом\MY CODE\DirectXFold\DirectXFold\src\SphericalCube.cpp(43,55): warning C4244: 'argument': conversion from 'double' to 'float', possible loss of data
D:\Диплом\MY CODE\DirectXFold\DirectXFold\src\SphericalCube.cpp(43,44): warning C4244: 'argument': conversion from 'double' to 'float', possible loss of data
D:\Диплом\MY CODE\DirectXFold\DirectXFold\src\SphericalCube.cpp(43,32): warning C4244: 'argument': conversion from 'double' to 'float', possible loss of data
D:\Диплом\MY CODE\DirectXFold\DirectXFold\src\SphericalCube.cpp(43,20): warning C4244: 'argument': conversion from 'double' to 'float', possible loss of data
D:\Диплом\MY CODE\DirectXFold\DirectXFold\src\SphericalCube.cpp(44,55): warning C4244: 'argument': conversion from 'double' to 'float', possible loss of data
D:\Диплом\MY CODE\DirectXFold\DirectXFold\src\SphericalCube.cpp(44,43): warning C4244: 'argument': conversion from 'double' to 'float', possible loss of data
D:\Диплом\MY CODE\DirectXFold\DirectXFold\src\SphericalCube.cpp(44,32): warning C4244: 'argument': conversion from 'double' to 'float', possible loss of data
D:\Диплом\MY CODE\DirectXFold\DirectXFold\src\SphericalCube.cpp(44,20): warning C4244: 'argument': conversion from 'double' to 'float', possible loss of data
D:\Диплом\MY CODE\DirectXFold\DirectXFold\src\SphericalCube.cpp(45,54): warning C4244: 'argument': conversion from 'double' to 'float', possible loss of data
D:\Диплом\MY CODE\DirectXFold\DirectXFold\src\SphericalCube.cpp(45,43): warning C4244: 'argument': conversion from 'double' to 'float', possible loss of data
D:\Диплом\MY CODE\DirectXFold\DirectXFold\src\SphericalCube.cpp(45,32): warning C4244: 'argument': conversion from 'double' to 'float', possible loss of data
D:\Диплом\MY CODE\DirectXFold\DirectXFold\src\SphericalCube.cpp(45,20): warning C4244: 'argument': conversion from 'double' to 'float', possible loss of data
  SphericalMesh.cpp
  SphericalMeshLoader.cpp
D:\Диплом\MY CODE\DirectXFold\DirectXFold\src\SphericalMeshLoader.cpp(38,74): warning C4244: 'argument': conversion from '_Ty' to 'float', possible loss of data
          with
          [
              _Ty=double
          ]
D:\Диплом\MY CODE\DirectXFold\DirectXFold\src\SphericalMeshLoader.cpp(38,63): warning C4244: 'argument': conversion from '_Ty' to 'float', possible loss of data
          with
          [
              _Ty=double
          ]
D:\Диплом\MY CODE\DirectXFold\DirectXFold\src\SphericalMeshLoader.cpp(38,52): warning C4244: 'argument': conversion from '_Ty' to 'float', possible loss of data
          with
          [
              _Ty=double
          ]
D:\Диплом\MY CODE\DirectXFold\DirectXFold\src\SphericalMeshLoader.cpp(38,41): warning C4244: 'argument': conversion from '_Ty' to 'float', possible loss of data
          with
          [
              _Ty=double
          ]
D:\Диплом\MY CODE\DirectXFold\DirectXFold\src\SphericalMeshLoader.cpp(45,46): warning C4244: 'argument': conversion from '_Ty' to 'float', possible loss of data
          with
          [
              _Ty=double
          ]
D:\Диплом\MY CODE\DirectXFold\DirectXFold\src\SphericalMeshLoader.cpp(45,35): warning C4244: 'argument': conversion from '_Ty' to 'float', possible loss of data
          with
          [
              _Ty=double
          ]
D:\Диплом\MY CODE\DirectXFold\DirectXFold\src\SphericalMeshLoader.cpp(93,98): warning C4267: 'argument': conversion from 'size_t' to 'int', possible loss of data
  SphericalOctahedron.cpp
D:\Диплом\MY CODE\DirectXFold\DirectXFold\src\SphericalOctahedron.cpp(34,37): warning C4244: 'argument': conversion from 'double' to 'float', possible loss of data
D:\Диплом\MY CODE\DirectXFold\DirectXFold\src\SphericalOctahedron.cpp(34,31): warning C4244: 'argument': conversion from 'double' to 'float', possible loss of data
D:\Диплом\MY CODE\DirectXFold\DirectXFold\src\SphericalOctahedron.cpp(35,36): warning C4244: 'argument': conversion from 'double' to 'float', possible loss of data
D:\Диплом\MY CODE\DirectXFold\DirectXFold\src\SphericalOctahedron.cpp(35,31): warning C4244: 'argument': conversion from 'double' to 'float', possible loss of data
D:\Диплом\MY CODE\DirectXFold\DirectXFold\src\SphericalOctahedron.cpp(36,36): warning C4244: 'argument': conversion from 'double' to 'float', possible loss of data
D:\Диплом\MY CODE\DirectXFold\DirectXFold\src\SphericalOctahedron.cpp(36,25): warning C4244: 'argument': conversion from 'double' to 'float', possible loss of data
D:\Диплом\MY CODE\DirectXFold\DirectXFold\src\SphericalOctahedron.cpp(37,36): warning C4244: 'argument': conversion from 'double' to 'float', possible loss of data
D:\Диплом\MY CODE\DirectXFold\DirectXFold\src\SphericalOctahedron.cpp(37,26): warning C4244: 'argument': conversion from 'double' to 'float', possible loss of data
D:\Диплом\MY CODE\DirectXFold\DirectXFold\src\SphericalOctahedron.cpp(38,37): warning C4244: 'argument': conversion from 'double' to 'float', possible loss of data
D:\Диплом\MY CODE\DirectXFold\DirectXFold\src\SphericalOctahedron.cpp(38,20): warning C4244: 'argument': conversion from 'double' to 'float', possible loss of data
D:\Диплом\MY CODE\DirectXFold\DirectXFold\src\SphericalOctahedron.cpp(39,36): warning C4244: 'argument': conversion from 'double' to 'float', possible loss of data
D:\Диплом\MY CODE\DirectXFold\DirectXFold\src\SphericalOctahedron.cpp(39,20): warning C4244: 'argument': conversion from 'double' to 'float', possible loss of data
D:\Диплом\MY CODE\DirectXFold\DirectXFold\src\SphericalOctahedron.cpp(53,40): warning C4244: 'argument': conversion from 'double' to 'float', possible loss of data
D:\Диплом\MY CODE\DirectXFold\DirectXFold\src\SphericalOctahedron.cpp(53,31): warning C4244: 'argument': conversion from 'double' to 'float', possible loss of data
D:\Диплом\MY CODE\DirectXFold\DirectXFold\src\SphericalOctahedron.cpp(54,40): warning C4244: 'argument': conversion from 'double' to 'float', possible loss of data
D:\Диплом\MY CODE\DirectXFold\DirectXFold\src\SphericalOctahedron.cpp(54,31): warning C4244: 'argument': conversion from 'double' to 'float', possible loss of data
D:\Диплом\MY CODE\DirectXFold\DirectXFold\src\SphericalOctahedron.cpp(55,31): warning C4244: 'argument': conversion from 'double' to 'float', possible loss of data
D:\Диплом\MY CODE\DirectXFold\DirectXFold\src\SphericalOctahedron.cpp(55,25): warning C4244: 'argument': conversion from 'double' to 'float', possible loss of data
D:\Диплом\MY CODE\DirectXFold\DirectXFold\src\SphericalOctahedron.cpp(56,31): warning C4244: 'argument': conversion from 'double' to 'float', possible loss of data
D:\Диплом\MY CODE\DirectXFold\DirectXFold\src\SphericalOctahedron.cpp(56,26): warning C4244: 'argument': conversion from 'double' to 'float', possible loss of data
D:\Диплом\MY CODE\DirectXFold\DirectXFold\src\SphericalOctahedron.cpp(57,32): warning C4244: 'argument': conversion from 'double' to 'float', possible loss of data
D:\Диплом\MY CODE\DirectXFold\DirectXFold\src\SphericalOctahedron.cpp(57,20): warning C4244: 'argument': conversion from 'double' to 'float', possible loss of data
D:\Диплом\MY CODE\DirectXFold\DirectXFold\src\SphericalOctahedron.cpp(58,31): warning C4244: 'argument': conversion from 'double' to 'float', possible loss of data
D:\Диплом\MY CODE\DirectXFold\DirectXFold\src\SphericalOctahedron.cpp(58,20): warning C4244: 'argument': conversion from 'double' to 'float', possible loss of data
D:\Диплом\MY CODE\DirectXFold\DirectXFold\src\SphericalOctahedron.cpp(66,39): warning C4244: 'argument': conversion from 'double' to 'float', possible loss of data
D:\Диплом\MY CODE\DirectXFold\DirectXFold\src\SphericalOctahedron.cpp(66,25): warning C4244: 'argument': conversion from 'double' to 'float', possible loss of data
D:\Диплом\MY CODE\DirectXFold\DirectXFold\src\SphericalOctahedron.cpp(67,39): warning C4244: 'argument': conversion from 'double' to 'float', possible loss of data
D:\Диплом\MY CODE\DirectXFold\DirectXFold\src\SphericalOctahedron.cpp(67,25): warning C4244: 'argument': conversion from 'double' to 'float', possible loss of data
D:\Диплом\MY CODE\DirectXFold\DirectXFold\src\SphericalOctahedron.cpp(68,34): warning C4244: 'argument': conversion from 'double' to 'float', possible loss of data
D:\Диплом\MY CODE\DirectXFold\DirectXFold\src\SphericalOctahedron.cpp(68,25): warning C4244: 'argument': conversion from 'double' to 'float', possible loss of data
D:\Диплом\MY CODE\DirectXFold\DirectXFold\src\SphericalOctahedron.cpp(69,34): warning C4244: 'argument': conversion from 'double' to 'float', possible loss of data
D:\Диплом\MY CODE\DirectXFold\DirectXFold\src\SphericalOctahedron.cpp(69,25): warning C4244: 'argument': conversion from 'double' to 'float', possible loss of data
D:\Диплом\MY CODE\DirectXFold\DirectXFold\src\SphericalOctahedron.cpp(70,26): warning C4244: 'argument': conversion from 'double' to 'float', possible loss of data
D:\Диплом\MY CODE\DirectXFold\DirectXFold\src\SphericalOctahedron.cpp(70,20): warning C4244: 'argument': conversion from 'double' to 'float', possible loss of data
D:\Диплом\MY CODE\DirectXFold\DirectXFold\src\SphericalOctahedron.cpp(71,25): warning C4244: 'argument': conversion from 'double' to 'float', possible loss of data
D:\Диплом\MY CODE\DirectXFold\DirectXFold\src\SphericalOctahedron.cpp(71,20): warning C4244: 'argument': conversion from 'double' to 'float', possible loss of data
D:\Диплом\MY CODE\DirectXFold\DirectXFold\src\SphericalOctahedron.cpp(79,39): warning C4244: 'argument': conversion from 'double' to 'float', possible loss of data
D:\Диплом\MY CODE\DirectXFold\DirectXFold\src\SphericalOctahedron.cpp(79,20): warning C4244: 'argument': conversion from 'double' to 'float', possible loss of data
D:\Диплом\MY CODE\DirectXFold\DirectXFold\src\SphericalOctahedron.cpp(80,39): warning C4244: 'argument': conversion from 'double' to 'float', possible loss of data
D:\Диплом\MY CODE\DirectXFold\DirectXFold\src\SphericalOctahedron.cpp(80,20): warning C4244: 'argument': conversion from 'double' to 'float', possible loss of data
D:\Диплом\MY CODE\DirectXFold\DirectXFold\src\SphericalOctahedron.cpp(81,34): warning C4244: 'argument': conversion from 'double' to 'float', possible loss of data
D:\Диплом\MY CODE\DirectXFold\DirectXFold\src\SphericalOctahedron.cpp(81,20): warning C4244: 'argument': conversion from 'double' to 'float', possible loss of data
D:\Диплом\MY CODE\DirectXFold\DirectXFold\src\SphericalOctahedron.cpp(82,34): warning C4244: 'argument': conversion from 'double' to 'float', possible loss of data
D:\Диплом\MY CODE\DirectXFold\DirectXFold\src\SphericalOctahedron.cpp(82,20): warning C4244: 'argument': conversion from 'double' to 'float', possible loss of data
D:\Диплом\MY CODE\DirectXFold\DirectXFold\src\SphericalOctahedron.cpp(83,29): warning C4244: 'argument': conversion from 'double' to 'float', possible loss of data
D:\Диплом\MY CODE\DirectXFold\DirectXFold\src\SphericalOctahedron.cpp(83,20): warning C4244: 'argument': conversion from 'double' to 'float', possible loss of data
D:\Диплом\MY CODE\DirectXFold\DirectXFold\src\SphericalOctahedron.cpp(84,29): warning C4244: 'argument': conversion from 'double' to 'float', possible loss of data
D:\Диплом\MY CODE\DirectXFold\DirectXFold\src\SphericalOctahedron.cpp(84,20): warning C4244: 'argument': conversion from 'double' to 'float', possible loss of data
D:\Диплом\MY CODE\DirectXFold\DirectXFold\src\SphericalOctahedron.cpp(152,37): warning C4244: 'argument': conversion from 'double' to 'float', possible loss of data
D:\Диплом\MY CODE\DirectXFold\DirectXFold\src\SphericalOctahedron.cpp(152,31): warning C4244: 'argument': conversion from 'double' to 'float', possible loss of data
D:\Диплом\MY CODE\DirectXFold\DirectXFold\src\SphericalOctahedron.cpp(153,36): warning C4244: 'argument': conversion from 'double' to 'float', possible loss of data
D:\Диплом\MY CODE\DirectXFold\DirectXFold\src\SphericalOctahedron.cpp(153,31): warning C4244: 'argument': conversion from 'double' to 'float', possible loss of data
D:\Диплом\MY CODE\DirectXFold\DirectXFold\src\SphericalOctahedron.cpp(154,36): warning C4244: 'argument': conversion from 'double' to 'float', possible loss of data
D:\Диплом\MY CODE\DirectXFold\DirectXFold\src\SphericalOctahedron.cpp(154,25): warning C4244: 'argument': conversion from 'double' to 'float', possible loss of data
D:\Диплом\MY CODE\DirectXFold\DirectXFold\src\SphericalOctahedron.cpp(155,36): warning C4244: 'argument': conversion from 'double' to 'float', possible loss of data
D:\Диплом\MY CODE\DirectXFold\DirectXFold\src\SphericalOctahedron.cpp(155,26): warning C4244: 'argument': conversion from 'double' to 'float', possible loss of data
D:\Диплом\MY CODE\DirectXFold\DirectXFold\src\SphericalOctahedron.cpp(156,37): warning C4244: 'argument': conversion from 'double' to 'float', possible loss of data
D:\Диплом\MY CODE\DirectXFold\DirectXFold\src\SphericalOctahedron.cpp(156,20): warning C4244: 'argument': conversion from 'double' to 'float', possible loss of data
D:\Диплом\MY CODE\DirectXFold\DirectXFold\src\SphericalOctahedron.cpp(157,36): warning C4244: 'argument': conversion from 'double' to 'float', possible loss of data
D:\Диплом\MY CODE\DirectXFold\DirectXFold\src\SphericalOctahedron.cpp(157,20): warning C4244: 'argument': conversion from 'double' to 'float', possible loss of data
D:\Диплом\MY CODE\DirectXFold\DirectXFold\src\SphericalOctahedron.cpp(171,40): warning C4244: 'argument': conversion from 'double' to 'float', possible loss of data
D:\Диплом\MY CODE\DirectXFold\DirectXFold\src\SphericalOctahedron.cpp(171,31): warning C4244: 'argument': conversion from 'double' to 'float', possible loss of data
D:\Диплом\MY CODE\DirectXFold\DirectXFold\src\SphericalOctahedron.cpp(172,40): warning C4244: 'argument': conversion from 'double' to 'float', possible loss of data
D:\Диплом\MY CODE\DirectXFold\DirectXFold\src\SphericalOctahedron.cpp(172,31): warning C4244: 'argument': conversion from 'double' to 'float', possible loss of data
D:\Диплом\MY CODE\DirectXFold\DirectXFold\src\SphericalOctahedron.cpp(173,31): warning C4244: 'argument': conversion from 'double' to 'float', possible loss of data
D:\Диплом\MY CODE\DirectXFold\DirectXFold\src\SphericalOctahedron.cpp(173,25): warning C4244: 'argument': conversion from 'double' to 'float', possible loss of data
D:\Диплом\MY CODE\DirectXFold\DirectXFold\src\SphericalOctahedron.cpp(174,31): warning C4244: 'argument': conversion from 'double' to 'float', possible loss of data
D:\Диплом\MY CODE\DirectXFold\DirectXFold\src\SphericalOctahedron.cpp(174,26): warning C4244: 'argument': conversion from 'double' to 'float', possible loss of data
D:\Диплом\MY CODE\DirectXFold\DirectXFold\src\SphericalOctahedron.cpp(175,32): warning C4244: 'argument': conversion from 'double' to 'float', possible loss of data
D:\Диплом\MY CODE\DirectXFold\DirectXFold\src\SphericalOctahedron.cpp(175,20): warning C4244: 'argument': conversion from 'double' to 'float', possible loss of data
D:\Диплом\MY CODE\DirectXFold\DirectXFold\src\SphericalOctahedron.cpp(176,31): warning C4244: 'argument': conversion from 'double' to 'float', possible loss of data
D:\Диплом\MY CODE\DirectXFold\DirectXFold\src\SphericalOctahedron.cpp(176,20): warning C4244: 'argument': conversion from 'double' to 'float', possible loss of data
D:\Диплом\MY CODE\DirectXFold\DirectXFold\src\SphericalOctahedron.cpp(184,39): warning C4244: 'argument': conversion from 'double' to 'float', possible loss of data
D:\Диплом\MY CODE\DirectXFold\DirectXFold\src\SphericalOctahedron.cpp(184,25): warning C4244: 'argument': conversion from 'double' to 'float', possible loss of data
D:\Диплом\MY CODE\DirectXFold\DirectXFold\src\SphericalOctahedron.cpp(185,39): warning C4244: 'argument': conversion from 'double' to 'float', possible loss of data
D:\Диплом\MY CODE\DirectXFold\DirectXFold\src\SphericalOctahedron.cpp(185,25): warning C4244: 'argument': conversion from 'double' to 'float', possible loss of data
D:\Диплом\MY CODE\DirectXFold\DirectXFold\src\SphericalOctahedron.cpp(186,34): warning C4244: 'argument': conversion from 'double' to 'float', possible loss of data
D:\Диплом\MY CODE\DirectXFold\DirectXFold\src\SphericalOctahedron.cpp(186,25): warning C4244: 'argument': conversion from 'double' to 'float', possible loss of data
D:\Диплом\MY CODE\DirectXFold\DirectXFold\src\SphericalOctahedron.cpp(187,34): warning C4244: 'argument': conversion from 'double' to 'float', possible loss of data
D:\Диплом\MY CODE\DirectXFold\DirectXFold\src\SphericalOctahedron.cpp(187,25): warning C4244: 'argument': conversion from 'double' to 'float', possible loss of data
D:\Диплом\MY CODE\DirectXFold\DirectXFold\src\SphericalOctahedron.cpp(188,26): warning C4244: 'argument': conversion from 'double' to 'float', possible loss of data
D:\Диплом\MY CODE\DirectXFold\DirectXFold\src\SphericalOctahedron.cpp(188,20): warning C4244: 'argument': conversion from 'double' to 'float', possible loss of data
D:\Диплом\MY CODE\DirectXFold\DirectXFold\src\SphericalOctahedron.cpp(189,25): warning C4244: 'argument': conversion from 'double' to 'float', possible loss of data
D:\Диплом\MY CODE\DirectXFold\DirectXFold\src\SphericalOctahedron.cpp(189,20): warning C4244: 'argument': conversion from 'double' to 'float', possible loss of data
D:\Диплом\MY CODE\DirectXFold\DirectXFold\src\SphericalOctahedron.cpp(197,39): warning C4244: 'argument': conversion from 'double' to 'float', possible loss of data
D:\Диплом\MY CODE\DirectXFold\DirectXFold\src\SphericalOctahedron.cpp(197,20): warning C4244: 'argument': conversion from 'double' to 'float', possible loss of data
D:\Диплом\MY CODE\DirectXFold\DirectXFold\src\SphericalOctahedron.cpp(198,39): warning C4244: 'argument': conversion from 'double' to 'float', possible loss of data
D:\Диплом\MY CODE\DirectXFold\DirectXFold\src\SphericalOctahedron.cpp(198,20): warning C4244: 'argument': conversion from 'double' to 'float', possible loss of data
D:\Диплом\MY CODE\DirectXFold\DirectXFold\src\SphericalOctahedron.cpp(199,34): warning C4244: 'argument': conversion from 'double' to 'float', possible loss of data
D:\Диплом\MY CODE\DirectXFold\DirectXFold\src\SphericalOctahedron.cpp(199,20): warning C4244: 'argument': conversion from 'double' to 'float', possible loss of data
D:\Диплом\MY CODE\DirectXFold\DirectXFold\src\SphericalOctahedron.cpp(200,34): warning C4244: 'argument': conversion from 'double' to 'float', possible loss of data
D:\Диплом\MY CODE\DirectXFold\DirectXFold\src\SphericalOctahedron.cpp(200,20): warning C4244: 'argument': conversion from 'double' to 'float', possible loss of data
D:\Диплом\MY CODE\DirectXFold\DirectXFold\src\SphericalOctahedron.cpp(201,29): warning C4244: 'argument': conversion from 'double' to 'float', possible loss of data
D:\Диплом\MY CODE\DirectXFold\DirectXFold\src\SphericalOctahedron.cpp(201,20): warning C4244: 'argument': conversion from 'double' to 'float', possible loss of data
D:\Диплом\MY CODE\DirectXFold\DirectXFold\src\SphericalOctahedron.cpp(202,29): warning C4244: 'argument': conversion from 'double' to 'float', possible loss of data
D:\Диплом\MY CODE\DirectXFold\DirectXFold\src\SphericalOctahedron.cpp(202,20): warning C4244: 'argument': conversion from 'double' to 'float', possible loss of data
D:\Диплом\MY CODE\DirectXFold\DirectXFold\src\SphericalOctahedron.cpp(270,22): warning C4244: 'argument': conversion from 'double' to 'float', possible loss of data
D:\Диплом\MY CODE\DirectXFold\DirectXFold\src\SphericalOctahedron.cpp(269,19): warning C4244: 'argument': conversion from 'double' to 'float', possible loss of data
D:\Диплом\MY CODE\DirectXFold\DirectXFold\src\SphericalOctahedron.cpp(268,16): warning C4244: 'argument': conversion from 'double' to 'float', possible loss of data
D:\Диплом\MY CODE\DirectXFold\DirectXFold\src\SphericalOctahedron.cpp(267,58): warning C4244: 'argument': conversion from 'double' to 'float', possible loss of data
D:\Диплом\MY CODE\DirectXFold\DirectXFold\src\SphericalOctahedron.cpp(276,22): warning C4244: 'argument': conversion from 'double' to 'float', possible loss of data
D:\Диплом\MY CODE\DirectXFold\DirectXFold\src\SphericalOctahedron.cpp(275,19): warning C4244: 'argument': conversion from 'double' to 'float', possible loss of data
D:\Диплом\MY CODE\DirectXFold\DirectXFold\src\SphericalOctahedron.cpp(274,33): warning C4244: 'argument': conversion from 'double' to 'float', possible loss of data
D:\Диплом\MY CODE\DirectXFold\DirectXFold\src\SphericalOctahedron.cpp(273,41): warning C4244: 'argument': conversion from 'double' to 'float', possible loss of data
D:\Диплом\MY CODE\DirectXFold\DirectXFold\src\SphericalOctahedron.cpp(282,22): warning C4244: 'argument': conversion from 'double' to 'float', possible loss of data
D:\Диплом\MY CODE\DirectXFold\DirectXFold\src\SphericalOctahedron.cpp(281,36): warning C4244: 'argument': conversion from 'double' to 'float', possible loss of data
D:\Диплом\MY CODE\DirectXFold\DirectXFold\src\SphericalOctahedron.cpp(280,16): warning C4244: 'argument': conversion from 'double' to 'float', possible loss of data
D:\Диплом\MY CODE\DirectXFold\DirectXFold\src\SphericalOctahedron.cpp(279,41): warning C4244: 'argument': conversion from 'double' to 'float', possible loss of data
D:\Диплом\MY CODE\DirectXFold\DirectXFold\src\SphericalOctahedron.cpp(288,39): warning C4244: 'argument': conversion from 'double' to 'float', possible loss of data
D:\Диплом\MY CODE\DirectXFold\DirectXFold\src\SphericalOctahedron.cpp(287,19): warning C4244: 'argument': conversion from 'double' to 'float', possible loss of data
D:\Диплом\MY CODE\DirectXFold\DirectXFold\src\SphericalOctahedron.cpp(286,16): warning C4244: 'argument': conversion from 'double' to 'float', possible loss of data
D:\Диплом\MY CODE\DirectXFold\DirectXFold\src\SphericalOctahedron.cpp(285,41): warning C4244: 'argument': conversion from 'double' to 'float', possible loss of data
  SphericalSphere.cpp
D:\Диплом\MY CODE\DirectXFold\DirectXFold\src\SphericalSphere.cpp(69,46): warning C4267: 'initializing': conversion from 'size_t' to 'WORD', possible loss of data
D:\Диплом\MY CODE\DirectXFold\DirectXFold\src\SphericalSphere.cpp(79,36): warning C4267: '=': conversion from 'size_t' to 'int', possible loss of data
D:\Диплом\MY CODE\DirectXFold\DirectXFold\src\SphericalSphere.cpp(82,34): warning C4267: '=': conversion from 'size_t' to 'int', possible loss of data
  TextDrawer.cpp
  Compiling...
  Texture.cpp
  main.cpp
D:\Диплом\MY CODE\DirectXFold\DirectXFold\src\main.cpp(76,108): warning C4244: 'argument': conversion from 'double' to 'float', possible loss of data
D:\Диплом\MY CODE\DirectXFold\DirectXFold\src\main.cpp(76,139): warning C4244: 'argument': conversion from 'double' to 'float', possible loss of data
     Creating library bin64\DirectXFold.lib and object bin64\DirectXFold.exp
  Generating code
  0 of 1338 functions ( 0.0%) were compiled, the rest were copied from previous compilation.
    0 functions were new in current compilation
    0 functions had inline decision re-evaluated but remain unchanged
  Finished generating code
  DirectXFold.vcxproj -> D:\Диплом\MY CODE\DirectXFold\DirectXFold\bin64\DirectXFold.exe
