d:\диплом\my code\directxfold\directxfold\x64\debug\vc142.pdb
d:\диплом\my code\directxfold\directxfold\x64\debug\vc142.idb
d:\диплом\my code\directxfold\directxfold\x64\debug\main.obj
d:\диплом\my code\directxfold\directxfold\x64\debug\game.obj
d:\диплом\my code\directxfold\directxfold\x64\debug\directxfoldd.pch
d:\диплом\my code\directxfold\directxfold\x64\debug\pch.obj
d:\диплом\my code\directxfold\directxfold\x64\debug\textdrawer.obj
d:\диплом\my code\directxfold\directxfold\x64\debug\sphericaloctahedron.obj
d:\диплом\my code\directxfold\directxfold\x64\debug\sphericalmeshloader.obj
d:\диплом\my code\directxfold\directxfold\x64\debug\sphericalmesh.obj
d:\диплом\my code\directxfold\directxfold\x64\debug\sphericaldodecahedron.obj
d:\диплом\my code\directxfold\directxfold\x64\debug\sphericalcube.obj
d:\диплом\my code\directxfold\directxfold\x64\debug\sphericalcamera.obj
d:\диплом\my code\directxfold\directxfold\x64\debug\simpleinputhandler.obj
d:\диплом\my code\directxfold\directxfold\x64\debug\shader.obj
d:\диплом\my code\directxfold\directxfold\x64\debug\mesh.obj
d:\диплом\my code\directxfold\directxfold\x64\debug\hyperbolicmesh.obj
d:\диплом\my code\directxfold\directxfold\x64\debug\hyperbolicmath.obj
d:\диплом\my code\directxfold\directxfold\x64\debug\camera.obj
d:\диплом\my code\directxfold\directxfold\x64\debug\sphericalmath.obj
d:\диплом\my code\directxfold\directxfold\bin64\mesh1.sph
d:\диплом\my code\directxfold\directxfold\bin64\directxfoldd.lib
d:\диплом\my code\directxfold\directxfold\bin64\directxfoldd.exp
d:\диплом\my code\directxfold\directxfold\inc\pixelshader.h
d:\диплом\my code\directxfold\directxfold\bin64\basicpixelshader_d.cso
d:\диплом\my code\directxfold\directxfold\inc\vertexshader.h
d:\диплом\my code\directxfold\directxfold\bin64\basicvertexshader.cso
d:\диплом\my code\directxfold\directxfold\bin64\morphingvertexshader.cso
d:\диплом\my code\directxfold\directxfold\inc\ellexpvertexshader.h
d:\диплом\my code\directxfold\directxfold\bin64\vertexellipticalexpfogshader_d.cso
d:\диплом\my code\directxfold\directxfold\inc\sphexpvertexshader.h
d:\диплом\my code\directxfold\directxfold\bin64\vertexsphericalexpfogshader_d.cso
d:\диплом\my code\directxfold\directxfold\inc\sphexp2vertexshader.h
d:\диплом\my code\directxfold\directxfold\bin64\vertexsphericalexpsqfogshader_d.cso
d:\диплом\my code\directxfold\directxfold\inc\sphlinvertexshader.h
d:\диплом\my code\directxfold\directxfold\bin64\vertexsphericallinearfogshader_d.cso
d:\диплом\my code\directxfold\directxfold\inc\geometryshader.h
d:\диплом\my code\directxfold\directxfold\bin64\geometryshader.cso
d:\диплом\my code\directxfold\directxfold\inc\ellexp2vertexshader.h
d:\диплом\my code\directxfold\directxfold\bin64\vertexellipticalexpsqfogshader_d.cso
d:\диплом\my code\directxfold\directxfold\bin64\directxfoldd.exe
d:\диплом\my code\directxfold\directxfold\bin64\directxfoldd.ilk
d:\диплом\my code\directxfold\directxfold\bin64\directxfoldd.pdb
d:\диплом\my code\directxfold\directxfold\x64\debug\directxfold.tlog\cl.command.1.tlog
d:\диплом\my code\directxfold\directxfold\x64\debug\directxfold.tlog\cl.read.1.tlog
d:\диплом\my code\directxfold\directxfold\x64\debug\directxfold.tlog\cl.write.1.tlog
d:\диплом\my code\directxfold\directxfold\x64\debug\directxfold.tlog\copyfile.command.1.tlog
d:\диплом\my code\directxfold\directxfold\x64\debug\directxfold.tlog\copyfile.read.1.tlog
d:\диплом\my code\directxfold\directxfold\x64\debug\directxfold.tlog\copyfile.write.1.tlog
d:\диплом\my code\directxfold\directxfold\x64\debug\directxfold.tlog\directxfold.write.1u.tlog
d:\диплом\my code\directxfold\directxfold\x64\debug\directxfold.tlog\fxc.command.1.tlog
d:\диплом\my code\directxfold\directxfold\x64\debug\directxfold.tlog\fxc.read.1.tlog
d:\диплом\my code\directxfold\directxfold\x64\debug\directxfold.tlog\fxc.write.1.tlog
d:\диплом\my code\directxfold\directxfold\x64\debug\directxfold.tlog\link.command.1.tlog
d:\диплом\my code\directxfold\directxfold\x64\debug\directxfold.tlog\link.read.1.tlog
d:\диплом\my code\directxfold\directxfold\x64\debug\directxfold.tlog\link.write.1.tlog
