  Game.cpp
D:\Диплом\MY CODE\DirectXFold\DirectXFold\src\Game.cpp(33,15): warning C4244: 'argument': conversion from 'time_t' to 'unsigned int', possible loss of data
D:\Диплом\MY CODE\DirectXFold\DirectXFold\src\Game.cpp(251,1): warning C4305: '-=': truncation from 'double' to 'float'
D:\Диплом\MY CODE\DirectXFold\DirectXFold\src\Game.cpp(256,1): warning C4305: '+=': truncation from 'double' to 'float'
D:\Диплом\MY CODE\DirectXFold\DirectXFold\src\Game.cpp(274,1): warning C4305: '+=': truncation from 'double' to 'float'
D:\Диплом\MY CODE\DirectXFold\DirectXFold\src\Game.cpp(281,1): warning C4305: '-=': truncation from 'double' to 'float'
D:\Диплом\MY CODE\DirectXFold\DirectXFold\src\Game.cpp(618,78): warning C4244: 'argument': conversion from 'int' to 'float', possible loss of data
D:\Диплом\MY CODE\DirectXFold\DirectXFold\src\Game.cpp(624,99): warning C4244: 'argument': conversion from 'int' to 'float', possible loss of data
D:\Диплом\MY CODE\DirectXFold\DirectXFold\src\Game.cpp(624,78): warning C4244: 'argument': conversion from 'int' to 'float', possible loss of data
  SphericalMeshLoader.cpp
D:\Диплом\MY CODE\DirectXFold\DirectXFold\src\SphericalMeshLoader.cpp(70,75): warning C4244: 'argument': conversion from '_Ty' to 'float', possible loss of data
          with
          [
              _Ty=double
          ]
D:\Диплом\MY CODE\DirectXFold\DirectXFold\src\SphericalMeshLoader.cpp(70,64): warning C4244: 'argument': conversion from '_Ty' to 'float', possible loss of data
          with
          [
              _Ty=double
          ]
D:\Диплом\MY CODE\DirectXFold\DirectXFold\src\SphericalMeshLoader.cpp(70,53): warning C4244: 'argument': conversion from '_Ty' to 'float', possible loss of data
          with
          [
              _Ty=double
          ]
D:\Диплом\MY CODE\DirectXFold\DirectXFold\src\SphericalMeshLoader.cpp(70,42): warning C4244: 'argument': conversion from '_Ty' to 'float', possible loss of data
          with
          [
              _Ty=double
          ]
D:\Диплом\MY CODE\DirectXFold\DirectXFold\src\SphericalMeshLoader.cpp(70,118): warning C4244: 'argument': conversion from '_Ty' to 'float', possible loss of data
          with
          [
              _Ty=double
          ]
D:\Диплом\MY CODE\DirectXFold\DirectXFold\src\SphericalMeshLoader.cpp(70,107): warning C4244: 'argument': conversion from '_Ty' to 'float', possible loss of data
          with
          [
              _Ty=double
          ]
D:\Диплом\MY CODE\DirectXFold\DirectXFold\src\SphericalMeshLoader.cpp(70,96): warning C4244: 'argument': conversion from '_Ty' to 'float', possible loss of data
          with
          [
              _Ty=double
          ]
D:\Диплом\MY CODE\DirectXFold\DirectXFold\src\SphericalMeshLoader.cpp(98,98): warning C4267: 'argument': conversion from 'size_t' to 'int', possible loss of data
  Generating Code...
  DirectXFold.vcxproj -> D:\Диплом\MY CODE\DirectXFold\DirectXFold\bin64\DirectXFoldd.exe
