main.obj : error LNK2001: unresolved external symbol "struct DirectX::SimpleMath::Matrix __cdecl SphericalRotationYW(float)" (?SphericalRotationYW@@YA?AUMatrix@SimpleMath@DirectX@@M@Z)
main.obj : error LNK2001: unresolved external symbol "struct DirectX::SimpleMath::Matrix __cdecl SphericalRotationZW(float)" (?SphericalRotationZW@@YA?AUMatrix@SimpleMath@DirectX@@M@Z)
main.obj : error LNK2001: unresolved external symbol "public: static class DirectX::Keyboard & __cdecl DirectX::Keyboard::Get(void)" (?Get@Keyboard@DirectX@@SAAEAV12@XZ)
main.obj : error LNK2001: unresolved external symbol "public: struct DirectX::Keyboard::State __cdecl DirectX::Keyboard::GetState(void)const " (?GetState@Keyboard@DirectX@@QEBA?AUState@12@XZ)
main.obj : error LNK2001: unresolved external symbol "public: static struct DirectX::SimpleMath::Matrix const DirectX::SimpleMath::Matrix::Identity" (?Identity@Matrix@SimpleMath@DirectX@@2U123@B)
main.obj : error LNK2001: unresolved external symbol "struct DirectX::SimpleMath::Matrix __cdecl SphericalRotationYZ(float)" (?SphericalRotationYZ@@YA?AUMatrix@SimpleMath@DirectX@@M@Z)
main.obj : error LNK2001: unresolved external symbol "struct DirectX::SimpleMath::Matrix __cdecl SphericalRotationXW(float)" (?SphericalRotationXW@@YA?AUMatrix@SimpleMath@DirectX@@M@Z)
main.obj : error LNK2001: unresolved external symbol "public: __cdecl SphericalSphere::SphericalSphere(float,int,int,class Texture *)" (??0SphericalSphere@@QEAA@MHHPEAVTexture@@@Z)
main.obj : error LNK2001: unresolved external symbol "public: __cdecl SphericalSphere::SphericalSphere(float,int,int,class Texture *,struct DirectX::XMMATRIX)" (??0SphericalSphere@@QEAA@MHHPEAVTexture@@UXMMATRIX@DirectX@@@Z)
main.obj : error LNK2001: unresolved external symbol "struct DirectX::SimpleMath::Matrix __cdecl SphericalRotationXZ(float)" (?SphericalRotationXZ@@YA?AUMatrix@SimpleMath@DirectX@@M@Z)
main.obj : error LNK2001: unresolved external symbol "public: __cdecl Mesh::MeshUpdater::MeshUpdater(class std::function<struct DirectX::SimpleMath::Matrix __cdecl(struct DirectX::SimpleMath::Matrix,float)>)" (??0MeshUpdater@Mesh@@QEAA@V?$function@$$A6A?AUMatrix@SimpleMath@DirectX@@U123@M@Z@std@@@Z)
main.obj : error LNK2001: unresolved external symbol "public: void __cdecl Mesh::AddUpdater(class Mesh::MeshUpdater)" (?AddUpdater@Mesh@@QEAAXVMeshUpdater@1@@Z)
main.obj : error LNK2001: unresolved external symbol "public: void __cdecl Mesh::SetParent(class Mesh *)" (?SetParent@Mesh@@QEAAXPEAV1@@Z)
main.obj : error LNK2001: unresolved external symbol "public: void __cdecl Mesh::SetTexture(class Texture *)" (?SetTexture@Mesh@@QEAAXPEAVTexture@@@Z)
main.obj : error LNK2001: unresolved external symbol "public: void __cdecl Mesh::SetWorldMatrix(struct DirectX::XMMATRIX)" (?SetWorldMatrix@Mesh@@QEAAXUXMMATRIX@DirectX@@@Z)
main.obj : error LNK2001: unresolved external symbol "public: void __cdecl Game::SetCameraFovY(float)" (?SetCameraFovY@Game@@QEAAXM@Z)
main.obj : error LNK2001: unresolved external symbol "public: void __cdecl Game::MoveCamera(struct DirectX::SimpleMath::Vector3)" (?MoveCamera@Game@@QEAAXUVector3@SimpleMath@DirectX@@@Z)
main.obj : error LNK2001: unresolved external symbol "public: void __cdecl Game::AddMesh(class Mesh *)" (?AddMesh@Game@@QEAAXPEAVMesh@@@Z)
main.obj : error LNK2001: unresolved external symbol "public: class Texture * __cdecl Game::CreateTexture(wchar_t const *)" (?CreateTexture@Game@@QEAAPEAVTexture@@PEB_W@Z)
main.obj : error LNK2001: unresolved external symbol "public: int __cdecl Game::StartGame(struct HINSTANCE__ *,int)" (?StartGame@Game@@QEAAHPEAUHINSTANCE__@@H@Z)
main.obj : error LNK2001: unresolved external symbol "public: int __cdecl Game::InitializeGame(struct HINSTANCE__ *,int)" (?InitializeGame@Game@@QEAAHPEAUHINSTANCE__@@H@Z)
main.obj : error LNK2001: unresolved external symbol "public: static class Game & __cdecl Game::GetInstance(void)" (?GetInstance@Game@@SAAEAV1@XZ)
main.obj : error LNK2001: unresolved external symbol "public: static class SphericalMesh * __cdecl SphericalMeshLoader::LoadMesh(char const *)" (?LoadMesh@SphericalMeshLoader@@SAPEAVSphericalMesh@@PEBD@Z)
D:\Диплом\MY CODE\DirectXFold\DirectXFold\x64\Release\GameExample.exe : fatal error LNK1120: 23 unresolved externals
