d:\диплом\my code\directxfold\gameexample\x64\release\vc142.pdb
d:\диплом\my code\directxfold\gameexample\x64\release\main.obj
d:\диплом\my code\directxfold\gameexample\bin64\asphalt.dds
d:\диплом\my code\directxfold\gameexample\bin64\asteroid.dds
d:\диплом\my code\directxfold\gameexample\bin64\asteroid2.dds
d:\диплом\my code\directxfold\gameexample\bin64\cat.dds
d:\диплом\my code\directxfold\gameexample\bin64\earth.dds
d:\диплом\my code\directxfold\gameexample\bin64\fabric.dds
d:\диплом\my code\directxfold\gameexample\bin64\fire.dds
d:\диплом\my code\directxfold\gameexample\bin64\mesh1.sph
d:\диплом\my code\directxfold\gameexample\bin64\mesh2.sph
d:\диплом\my code\directxfold\gameexample\bin64\moon.dds
d:\диплом\my code\directxfold\gameexample\bin64\sviborg.dds
d:\диплом\my code\directxfold\gameexample\bin64\myfile.spritefont
d:\диплом\my code\directxfold\gameexample\bin64\mesh3.sph
d:\диплом\my code\directxfold\gameexample\x64\release\gameexample.tlog\cl.command.1.tlog
d:\диплом\my code\directxfold\gameexample\x64\release\gameexample.tlog\cl.read.1.tlog
d:\диплом\my code\directxfold\gameexample\x64\release\gameexample.tlog\cl.write.1.tlog
d:\диплом\my code\directxfold\gameexample\x64\release\gameexample.tlog\copyfile.command.1.tlog
d:\диплом\my code\directxfold\gameexample\x64\release\gameexample.tlog\copyfile.read.1.tlog
d:\диплом\my code\directxfold\gameexample\x64\release\gameexample.tlog\copyfile.write.1.tlog
d:\диплом\my code\directxfold\gameexample\x64\release\gameexample.tlog\link.command.1.tlog
d:\диплом\my code\directxfold\gameexample\x64\release\gameexample.tlog\link.read.1.tlog
d:\диплом\my code\directxfold\gameexample\x64\release\gameexample.tlog\link.write.1.tlog
